  Installing vcpkg dependencies to E:\LU_Leipzig\ProgramClinic\Health_Clinic_Management\Health_Clinic_Management\Health_Clinic_Management\vcpkg_installed\x64-windows\
  "C:\dev\vcpkg\vcpkg.exe" install  --x-wait-for-lock --triplet "x64-windows" --vcpkg-root "C:\dev\vcpkg\\" "--x-manifest-root=E:\LU_Leipzig\ProgramClinic\Health_Clinic_Management\Health_Clinic_Management\Health_Clinic_Management\\" "--x-install-root=E:\LU_Leipzig\ProgramClinic\Health_Clinic_Management\Health_Clinic_Management\Health_Clinic_Management\vcpkg_installed\x64-windows\\" 
  Detecting compiler hash for triplet x64-windows...
  The following packages will be built and installed:
    * boost-algorithm:x64-windows -> 1.83.0
    * boost-align:x64-windows -> 1.83.0
    * boost-array:x64-windows -> 1.83.0
    * boost-asio:x64-windows -> 1.83.0
    * boost-assert:x64-windows -> 1.83.0
    * boost-bind:x64-windows -> 1.83.0
    * boost-build:x64-windows -> 1.83.0
    * boost-chrono:x64-windows -> 1.83.0
    * boost-concept-check:x64-windows -> 1.83.0
    * boost-config:x64-windows -> 1.83.0
    * boost-container:x64-windows -> 1.83.0
    * boost-container-hash:x64-windows -> 1.83.0
    * boost-context:x64-windows -> 1.83.0
    * boost-conversion:x64-windows -> 1.83.0
    * boost-core:x64-windows -> 1.83.0
    * boost-coroutine:x64-windows -> 1.83.0
    * boost-date-time:x64-windows -> 1.83.0
    * boost-describe:x64-windows -> 1.83.0
    * boost-detail:x64-windows -> 1.83.0
    * boost-exception:x64-windows -> 1.83.0
    * boost-function:x64-windows -> 1.83.0
    * boost-function-types:x64-windows -> 1.83.0
    * boost-functional:x64-windows -> 1.83.0
    * boost-fusion:x64-windows -> 1.83.0
    * boost-integer:x64-windows -> 1.83.0
    * boost-intrusive:x64-windows -> 1.83.0
    * boost-io:x64-windows -> 1.83.0
    * boost-iterator:x64-windows -> 1.83.0
    * boost-lexical-cast:x64-windows -> 1.83.0
    * boost-modular-build-helper:x64-windows -> 1.83.0#1
    * boost-move:x64-windows -> 1.83.0
    * boost-mp11:x64-windows -> 1.83.0
    * boost-mpl:x64-windows -> 1.83.0
    * boost-numeric-conversion:x64-windows -> 1.83.0
    * boost-optional:x64-windows -> 1.83.0
    * boost-pool:x64-windows -> 1.83.0
    * boost-predef:x64-windows -> 1.83.0
    * boost-preprocessor:x64-windows -> 1.83.0
    * boost-range:x64-windows -> 1.83.0
    * boost-ratio:x64-windows -> 1.83.0
    * boost-rational:x64-windows -> 1.83.0
    * boost-regex:x64-windows -> 1.83.0
    * boost-smart-ptr:x64-windows -> 1.83.0
    * boost-static-assert:x64-windows -> 1.83.0
    * boost-system:x64-windows -> 1.83.0
    * boost-throw-exception:x64-windows -> 1.83.0
    * boost-tokenizer:x64-windows -> 1.83.0
    * boost-tuple:x64-windows -> 1.83.0
    * boost-type-traits:x64-windows -> 1.83.0
    * boost-typeof:x64-windows -> 1.83.0
    * boost-uninstall:x64-windows -> 1.83.0
    * boost-unordered:x64-windows -> 1.83.0
    * boost-utility:x64-windows -> 1.83.0
    * boost-variant2:x64-windows -> 1.83.0
    * boost-vcpkg-helpers:x64-windows -> 1.83.0
    * boost-winapi:x64-windows -> 1.83.0
      crow:x64-windows -> 1.0-5
      sqlite3[core,json1]:x64-windows -> 3.43.2
    * vcpkg-cmake:x64-windows -> 2023-05-04
    * vcpkg-cmake-config:x64-windows -> 2022-02-06#1
    * vcpkg-cmake-get-vars:x64-windows -> 2023-03-02
  Additional packages (*) will be modified to complete this operation.
  Restored 61 package(s) from C:\Users\Hongt\AppData\Local\vcpkg\archives in 843 ms. Use --debug to see more details.
  Installing 1/61 vcpkg-cmake-config:x64-windows...
  Elapsed time to handle vcpkg-cmake-config:x64-windows: 5.62 ms
  Installing 2/61 vcpkg-cmake:x64-windows...
  Elapsed time to handle vcpkg-cmake:x64-windows: 5.65 ms
  Installing 3/61 boost-uninstall:x64-windows...
  Elapsed time to handle boost-uninstall:x64-windows: 3.83 ms
  Installing 4/61 boost-vcpkg-helpers:x64-windows...
  Elapsed time to handle boost-vcpkg-helpers:x64-windows: 5.17 ms
  Installing 5/61 boost-config:x64-windows...
  Elapsed time to handle boost-config:x64-windows: 145 ms
  Installing 6/61 boost-static-assert:x64-windows...
  Elapsed time to handle boost-static-assert:x64-windows: 5.49 ms
  Installing 7/61 boost-type-traits:x64-windows...
  Elapsed time to handle boost-type-traits:x64-windows: 90.1 ms
  Installing 8/61 boost-assert:x64-windows...
  Elapsed time to handle boost-assert:x64-windows: 6.03 ms
  Installing 9/61 boost-throw-exception:x64-windows...
  Elapsed time to handle boost-throw-exception:x64-windows: 5.41 ms
  Installing 10/61 boost-preprocessor:x64-windows...
  Elapsed time to handle boost-preprocessor:x64-windows: 189 ms
  Installing 11/61 boost-io:x64-windows...
  Elapsed time to handle boost-io:x64-windows: 8.04 ms
  Installing 12/61 boost-core:x64-windows...
  Elapsed time to handle boost-core:x64-windows: 34.4 ms
  Installing 13/61 boost-utility:x64-windows...
  Elapsed time to handle boost-utility:x64-windows: 15.1 ms
  Installing 14/61 boost-predef:x64-windows...
  Elapsed time to handle boost-predef:x64-windows: 68.2 ms
  Installing 15/61 boost-move:x64-windows...
  Elapsed time to handle boost-move:x64-windows: 26.5 ms
  Installing 16/61 boost-detail:x64-windows...
  Elapsed time to handle boost-detail:x64-windows: 16.2 ms
  Installing 17/61 boost-optional:x64-windows...
  Elapsed time to handle boost-optional:x64-windows: 15.5 ms
  Installing 18/61 boost-tuple:x64-windows...
  Elapsed time to handle boost-tuple:x64-windows: 6.96 ms
  Installing 19/61 boost-smart-ptr:x64-windows...
  Elapsed time to handle boost-smart-ptr:x64-windows: 45.4 ms
  Installing 20/61 boost-mpl:x64-windows...
  Elapsed time to handle boost-mpl:x64-windows: 436 ms
  Installing 21/61 vcpkg-cmake-get-vars:x64-windows...
  Elapsed time to handle vcpkg-cmake-get-vars:x64-windows: 7.15 ms
  Installing 22/61 boost-modular-build-helper:x64-windows...
  Elapsed time to handle boost-modular-build-helper:x64-windows: 7.61 ms
  Installing 23/61 boost-integer:x64-windows...
  Elapsed time to handle boost-integer:x64-windows: 12.3 ms
  Installing 24/61 boost-mp11:x64-windows...
  Elapsed time to handle boost-mp11:x64-windows: 21.5 ms
  Installing 25/61 boost-describe:x64-windows...
  Elapsed time to handle boost-describe:x64-windows: 16.7 ms
  Installing 26/61 boost-container-hash:x64-windows...
  Elapsed time to handle boost-container-hash:x64-windows: 15.1 ms
  Installing 27/61 boost-concept-check:x64-windows...
  Elapsed time to handle boost-concept-check:x64-windows: 13 ms
  Installing 28/61 boost-build:x64-windows...
  Elapsed time to handle boost-build:x64-windows: 429 ms
  Installing 29/61 boost-regex:x64-windows...
  Elapsed time to handle boost-regex:x64-windows: 56.3 ms
  Installing 30/61 boost-typeof:x64-windows...
  Elapsed time to handle boost-typeof:x64-windows: 31.9 ms
  Installing 31/61 boost-function-types:x64-windows...
  Elapsed time to handle boost-function-types:x64-windows: 41 ms
  Installing 32/61 boost-bind:x64-windows...
  Elapsed time to handle boost-bind:x64-windows: 16.8 ms
  Installing 33/61 boost-function:x64-windows...
  Elapsed time to handle boost-function:x64-windows: 17.4 ms
  Installing 34/61 boost-functional:x64-windows...
  Elapsed time to handle boost-functional:x64-windows: 11.6 ms
  Installing 35/61 boost-fusion:x64-windows...
  Elapsed time to handle boost-fusion:x64-windows: 478 ms
  Installing 36/61 boost-conversion:x64-windows...
  Elapsed time to handle boost-conversion:x64-windows: 8.99 ms
  Installing 37/61 boost-iterator:x64-windows...
  Elapsed time to handle boost-iterator:x64-windows: 26.8 ms
  Installing 38/61 boost-array:x64-windows...
  Elapsed time to handle boost-array:x64-windows: 8.15 ms
  Installing 39/61 boost-range:x64-windows...
  Elapsed time to handle boost-range:x64-windows: 81.8 ms
  Installing 40/61 boost-numeric-conversion:x64-windows...
  Elapsed time to handle boost-numeric-conversion:x64-windows: 20 ms
  Installing 41/61 boost-intrusive:x64-windows...
  Elapsed time to handle boost-intrusive:x64-windows: 48.9 ms
  Installing 42/61 boost-container:x64-windows...
  Elapsed time to handle boost-container:x64-windows: 58.6 ms
  Installing 43/61 boost-lexical-cast:x64-windows...
  Elapsed time to handle boost-lexical-cast:x64-windows: 15 ms
  Installing 44/61 boost-winapi:x64-windows...
  Elapsed time to handle boost-winapi:x64-windows: 58.4 ms
  Installing 45/61 boost-tokenizer:x64-windows...
  Elapsed time to handle boost-tokenizer:x64-windows: 9.25 ms
  Installing 46/61 boost-unordered:x64-windows...
  Elapsed time to handle boost-unordered:x64-windows: 26.1 ms
  Installing 47/61 boost-exception:x64-windows...
  Elapsed time to handle boost-exception:x64-windows: 20.8 ms
  Installing 48/61 boost-algorithm:x64-windows...
  Elapsed time to handle boost-algorithm:x64-windows: 45.6 ms
  Installing 49/61 boost-date-time:x64-windows...
  Elapsed time to handle boost-date-time:x64-windows: 58.4 ms
  Installing 50/61 boost-variant2:x64-windows...
  Elapsed time to handle boost-variant2:x64-windows: 9.47 ms
  Installing 51/61 boost-system:x64-windows...
  Elapsed time to handle boost-system:x64-windows: 29.6 ms
  Installing 52/61 boost-pool:x64-windows...
  Elapsed time to handle boost-pool:x64-windows: 16.1 ms
  Installing 53/61 boost-context:x64-windows...
  Elapsed time to handle boost-context:x64-windows: 24.9 ms
  Installing 54/61 boost-coroutine:x64-windows...
  Elapsed time to handle boost-coroutine:x64-windows: 28.8 ms
  Installing 55/61 boost-rational:x64-windows...
  Elapsed time to handle boost-rational:x64-windows: 8.9 ms
  Installing 56/61 boost-ratio:x64-windows...
  Elapsed time to handle boost-ratio:x64-windows: 24.4 ms
  Installing 57/61 boost-chrono:x64-windows...
  Elapsed time to handle boost-chrono:x64-windows: 38 ms
  Installing 58/61 boost-align:x64-windows...
  Elapsed time to handle boost-align:x64-windows: 31.6 ms
  Installing 59/61 boost-asio:x64-windows...
  Elapsed time to handle boost-asio:x64-windows: 300 ms
  Installing 60/61 crow:x64-windows...
  Elapsed time to handle crow:x64-windows: 22.5 ms
  Installing 61/61 sqlite3:x64-windows...
  Elapsed time to handle sqlite3:x64-windows: 19.7 ms
  Total install time: 3.3 s
  crow provides CMake targets:
  
    # this is heuristically generated, and may not be correct
    find_package(Crow CONFIG REQUIRED)
    target_link_libraries(main PRIVATE Crow::Crow)
  
  sqlite3 provides pkgconfig bindings.
  sqlite3 provides CMake targets:
  
      find_package(unofficial-sqlite3 CONFIG REQUIRED)
      target_link_libraries(main PRIVATE unofficial::sqlite3::sqlite3)
  
  Health_Clinic_Management.cpp
E:\LU_Leipzig\ProgramClinic\Health_Clinic_Management\Health_Clinic_Management\Health_Clinic_Management\vcpkg_installed\x64-windows\x64-windows\include\crow\query_string.h(117,20): warning C4267: '=': conversion from 'size_t' to 'int', possible loss of data
  (compiling source file 'Health_Clinic_Management.cpp')
  
E:\LU_Leipzig\ProgramClinic\Health_Clinic_Management\Health_Clinic_Management\Health_Clinic_Management\vcpkg_installed\x64-windows\x64-windows\include\crow\query_string.h(370,92): warning C4267: 'argument': conversion from 'size_t' to 'int', possible loss of data
  (compiling source file 'Health_Clinic_Management.cpp')
  
E:\LU_Leipzig\ProgramClinic\Health_Clinic_Management\Health_Clinic_Management\Health_Clinic_Management\vcpkg_installed\x64-windows\x64-windows\include\crow\query_string.h(406,94): warning C4267: 'argument': conversion from 'size_t' to 'int', possible loss of data
  (compiling source file 'Health_Clinic_Management.cpp')
  
E:\LU_Leipzig\ProgramClinic\Health_Clinic_Management\Health_Clinic_Management\Health_Clinic_Management\vcpkg_installed\x64-windows\x64-windows\include\crow\query_string.h(445,112): warning C4267: 'argument': conversion from 'size_t' to 'int', possible loss of data
  (compiling source file 'Health_Clinic_Management.cpp')
  
E:\LU_Leipzig\ProgramClinic\Health_Clinic_Management\Health_Clinic_Management\Health_Clinic_Management\vcpkg_installed\x64-windows\x64-windows\include\crow\utility.h(672,39): warning C4267: 'initializing': conversion from 'size_t' to 'unsigned int', possible loss of data
  (compiling source file 'Health_Clinic_Management.cpp')
  
E:\LU_Leipzig\ProgramClinic\Health_Clinic_Management\Health_Clinic_Management\Health_Clinic_Management\vcpkg_installed\x64-windows\x64-windows\include\crow\http_parser_merged.h(589,32): warning C4244: '=': conversion from '__int64' to 'unsigned long', possible loss of data
  (compiling source file 'Health_Clinic_Management.cpp')
  
E:\LU_Leipzig\ProgramClinic\Health_Clinic_Management\Health_Clinic_Management\Health_Clinic_Management\vcpkg_installed\x64-windows\x64-windows\include\crow\http_parser_merged.h(609,32): warning C4244: '=': conversion from '__int64' to 'unsigned long', possible loss of data
  (compiling source file 'Health_Clinic_Management.cpp')
  
  Please define _WIN32_WINNT or _WIN32_WINDOWS appropriately. For example:
  - add -D_WIN32_WINNT=0x0601 to the compiler command line; or
  - add _WIN32_WINNT=0x0601 to your project's Preprocessor Definitions.
  Assuming _WIN32_WINNT=0x0601 (i.e. Windows 7 target).
E:\LU_Leipzig\ProgramClinic\Health_Clinic_Management\Health_Clinic_Management\Health_Clinic_Management\vcpkg_installed\x64-windows\x64-windows\include\crow\json.h(1211,35): warning C4267: 'argument': conversion from 'size_t' to 'uint32_t', possible loss of data
  (compiling source file 'Health_Clinic_Management.cpp')
  
E:\LU_Leipzig\ProgramClinic\Health_Clinic_Management\Health_Clinic_Management\Health_Clinic_Management\vcpkg_installed\x64-windows\x64-windows\include\crow\json.h(1671,32): warning C4267: 'return': conversion from 'size_t' to 'int', possible loss of data
  (compiling source file 'Health_Clinic_Management.cpp')
  
E:\LU_Leipzig\ProgramClinic\Health_Clinic_Management\Health_Clinic_Management\Health_Clinic_Management\vcpkg_installed\x64-windows\x64-windows\include\crow\mustache.h(97,33): warning C4267: 'initializing': conversion from 'size_t' to 'int', possible loss of data
  (compiling source file 'Health_Clinic_Management.cpp')
  
E:\LU_Leipzig\ProgramClinic\Health_Clinic_Management\Health_Clinic_Management\Health_Clinic_Management\vcpkg_installed\x64-windows\x64-windows\include\crow\mustache.h(116,48): warning C4267: '=': conversion from 'size_t' to 'int', possible loss of data
  (compiling source file 'Health_Clinic_Management.cpp')
  
E:\LU_Leipzig\ProgramClinic\Health_Clinic_Management\Health_Clinic_Management\Health_Clinic_Management\vcpkg_installed\x64-windows\x64-windows\include\crow\mustache.h(118,53): warning C4267: 'argument': conversion from 'size_t' to '_Ty', possible loss of data
E:\LU_Leipzig\ProgramClinic\Health_Clinic_Management\Health_Clinic_Management\Health_Clinic_Management\vcpkg_installed\x64-windows\x64-windows\include\crow\mustache.h(118,53): warning C4267:         with
E:\LU_Leipzig\ProgramClinic\Health_Clinic_Management\Health_Clinic_Management\Health_Clinic_Management\vcpkg_installed\x64-windows\x64-windows\include\crow\mustache.h(118,53): warning C4267:         [
E:\LU_Leipzig\ProgramClinic\Health_Clinic_Management\Health_Clinic_Management\Health_Clinic_Management\vcpkg_installed\x64-windows\x64-windows\include\crow\mustache.h(118,53): warning C4267:             _Ty=int
E:\LU_Leipzig\ProgramClinic\Health_Clinic_Management\Health_Clinic_Management\Health_Clinic_Management\vcpkg_installed\x64-windows\x64-windows\include\crow\mustache.h(118,53): warning C4267:         ]
  (compiling source file 'Health_Clinic_Management.cpp')
  
E:\LU_Leipzig\ProgramClinic\Health_Clinic_Management\Health_Clinic_Management\Health_Clinic_Management\vcpkg_installed\x64-windows\x64-windows\include\crow\mustache.h(221,94): warning C4267: 'argument': conversion from 'size_t' to 'int', possible loss of data
  (compiling source file 'Health_Clinic_Management.cpp')
  
E:\LU_Leipzig\ProgramClinic\Health_Clinic_Management\Health_Clinic_Management\Health_Clinic_Management\vcpkg_installed\x64-windows\x64-windows\include\crow\mustache.h(367,54): warning C4267: 'argument': conversion from 'size_t' to 'int', possible loss of data
  (compiling source file 'Health_Clinic_Management.cpp')
  
E:\LU_Leipzig\ProgramClinic\Health_Clinic_Management\Health_Clinic_Management\Health_Clinic_Management\vcpkg_installed\x64-windows\x64-windows\include\crow\mustache.h(378,54): warning C4267: 'argument': conversion from 'size_t' to 'int', possible loss of data
  (compiling source file 'Health_Clinic_Management.cpp')
  
E:\LU_Leipzig\ProgramClinic\Health_Clinic_Management\Health_Clinic_Management\Health_Clinic_Management\vcpkg_installed\x64-windows\x64-windows\include\crow\mustache.h(390,54): warning C4267: 'argument': conversion from 'size_t' to 'int', possible loss of data
  (compiling source file 'Health_Clinic_Management.cpp')
  
E:\LU_Leipzig\ProgramClinic\Health_Clinic_Management\Health_Clinic_Management\Health_Clinic_Management\vcpkg_installed\x64-windows\x64-windows\include\crow\mustache.h(401,54): warning C4267: 'argument': conversion from 'size_t' to 'int', possible loss of data
  (compiling source file 'Health_Clinic_Management.cpp')
  
E:\LU_Leipzig\ProgramClinic\Health_Clinic_Management\Health_Clinic_Management\Health_Clinic_Management\vcpkg_installed\x64-windows\x64-windows\include\crow\mustache.h(463,60): warning C4267: '=': conversion from 'size_t' to 'int', possible loss of data
  (compiling source file 'Health_Clinic_Management.cpp')
  
E:\LU_Leipzig\ProgramClinic\Health_Clinic_Management\Health_Clinic_Management\Health_Clinic_Management\vcpkg_installed\x64-windows\x64-windows\include\crow\mustache.h(563,28): warning C4267: 'initializing': conversion from 'size_t' to 'int', possible loss of data
  (compiling source file 'Health_Clinic_Management.cpp')
  
E:\LU_Leipzig\ProgramClinic\Health_Clinic_Management\Health_Clinic_Management\Health_Clinic_Management\vcpkg_installed\x64-windows\x64-windows\include\crow\routing.h(800,70): warning C4244: 'argument': conversion from '__int64' to 'unsigned int', possible loss of data
  (compiling source file 'Health_Clinic_Management.cpp')
  
E:\LU_Leipzig\ProgramClinic\Health_Clinic_Management\Health_Clinic_Management\Health_Clinic_Management\vcpkg_installed\x64-windows\x64-windows\include\crow\routing.h(821,70): warning C4244: 'argument': conversion from '__int64' to 'unsigned int', possible loss of data
  (compiling source file 'Health_Clinic_Management.cpp')
  
E:\LU_Leipzig\ProgramClinic\Health_Clinic_Management\Health_Clinic_Management\Health_Clinic_Management\vcpkg_installed\x64-windows\x64-windows\include\crow\routing.h(842,70): warning C4244: 'argument': conversion from '__int64' to 'unsigned int', possible loss of data
  (compiling source file 'Health_Clinic_Management.cpp')
  
E:\LU_Leipzig\ProgramClinic\Health_Clinic_Management\Health_Clinic_Management\Health_Clinic_Management\vcpkg_installed\x64-windows\x64-windows\include\crow\routing.h(864,61): warning C4267: 'argument': conversion from 'size_t' to 'unsigned int', possible loss of data
  (compiling source file 'Health_Clinic_Management.cpp')
  
E:\LU_Leipzig\ProgramClinic\Health_Clinic_Management\Health_Clinic_Management\Health_Clinic_Management\vcpkg_installed\x64-windows\x64-windows\include\crow\routing.h(880,61): warning C4267: 'argument': conversion from 'size_t' to 'unsigned int', possible loss of data
  (compiling source file 'Health_Clinic_Management.cpp')
  
E:\LU_Leipzig\ProgramClinic\Health_Clinic_Management\Health_Clinic_Management\Health_Clinic_Management\vcpkg_installed\x64-windows\x64-windows\include\crow\routing.h(895,61): warning C4267: 'argument': conversion from 'size_t' to 'unsigned int', possible loss of data
  (compiling source file 'Health_Clinic_Management.cpp')
  
E:\LU_Leipzig\ProgramClinic\Health_Clinic_Management\Health_Clinic_Management\Health_Clinic_Management\vcpkg_installed\x64-windows\x64-windows\include\crow\routing.h(945,53): warning C4267: '+=': conversion from 'size_t' to 'unsigned int', possible loss of data
  (compiling source file 'Health_Clinic_Management.cpp')
  
E:\LU_Leipzig\ProgramClinic\Health_Clinic_Management\Health_Clinic_Management\Health_Clinic_Management\vcpkg_installed\x64-windows\x64-windows\include\crow\routing.h(956,45): warning C4267: '+=': conversion from 'size_t' to 'unsigned int', possible loss of data
  (compiling source file 'Health_Clinic_Management.cpp')
  
E:\LU_Leipzig\ProgramClinic\Health_Clinic_Management\Health_Clinic_Management\Health_Clinic_Management\vcpkg_installed\x64-windows\x64-windows\include\crow\routing.h(1002,36): warning C4267: '+=': conversion from 'size_t' to 'unsigned int', possible loss of data
  (compiling source file 'Health_Clinic_Management.cpp')
  
E:\LU_Leipzig\ProgramClinic\Health_Clinic_Management\Health_Clinic_Management\Health_Clinic_Management\vcpkg_installed\x64-windows\x64-windows\include\crow\routing.h(1005,33): warning C4267: '+=': conversion from 'size_t' to 'unsigned int', possible loss of data
  (compiling source file 'Health_Clinic_Management.cpp')
  
E:\LU_Leipzig\ProgramClinic\Health_Clinic_Management\Health_Clinic_Management\Health_Clinic_Management\vcpkg_installed\x64-windows\x64-windows\include\crow\routing.h(1204,101): warning C4267: 'argument': conversion from 'size_t' to 'unsigned int', possible loss of data
  (compiling source file 'Health_Clinic_Management.cpp')
  
E:\LU_Leipzig\ProgramClinic\Health_Clinic_Management\Health_Clinic_Management\Health_Clinic_Management\vcpkg_installed\x64-windows\x64-windows\include\crow\routing.h(1204,87): warning C4267: 'argument': conversion from 'size_t' to 'uint16_t', possible loss of data
  (compiling source file 'Health_Clinic_Management.cpp')
  
E:\LU_Leipzig\ProgramClinic\Health_Clinic_Management\Health_Clinic_Management\Health_Clinic_Management\vcpkg_installed\x64-windows\x64-windows\include\crow\routing.h(1210,118): warning C4267: 'argument': conversion from 'size_t' to 'unsigned int', possible loss of data
  (compiling source file 'Health_Clinic_Management.cpp')
  
E:\LU_Leipzig\ProgramClinic\Health_Clinic_Management\Health_Clinic_Management\Health_Clinic_Management\vcpkg_installed\x64-windows\x64-windows\include\crow\routing.h(1259,100): warning C4267: 'argument': conversion from 'size_t' to 'unsigned int', possible loss of data
  (compiling source file 'Health_Clinic_Management.cpp')
  
E:\LU_Leipzig\ProgramClinic\Health_Clinic_Management\Health_Clinic_Management\Health_Clinic_Management\vcpkg_installed\x64-windows\x64-windows\include\crow\routing.h(1420,24): warning C4267: 'initializing': conversion from 'size_t' to 'int', possible loss of data
  (compiling source file 'Health_Clinic_Management.cpp')
  
E:\LU_Leipzig\ProgramClinic\Health_Clinic_Management\Health_Clinic_Management\Health_Clinic_Management\Health_Clinic_Management.cpp(39,15): warning C4244: 'argument': conversion from 'time_t' to 'unsigned int', possible loss of data
E:\LU_Leipzig\ProgramClinic\Health_Clinic_Management\Health_Clinic_Management\Health_Clinic_Management\Health_Clinic_Management.cpp(272,23): warning C4244: 'initializing': conversion from 'int64_t' to 'int', possible loss of data
E:\LU_Leipzig\ProgramClinic\Health_Clinic_Management\Health_Clinic_Management\Health_Clinic_Management\Health_Clinic_Management.cpp(273,22): warning C4244: 'initializing': conversion from 'int64_t' to 'int', possible loss of data
E:\LU_Leipzig\ProgramClinic\Health_Clinic_Management\Health_Clinic_Management\Health_Clinic_Management\Health_Clinic_Management.cpp(274,18): warning C4244: 'initializing': conversion from 'int64_t' to 'int', possible loss of data
E:\LU_Leipzig\ProgramClinic\Health_Clinic_Management\Health_Clinic_Management\Health_Clinic_Management\vcpkg_installed\x64-windows\x64-windows\include\crow\http_connection.h(473,63): warning C4244: 'argument': conversion from 'unsigned __int64' to 'int', possible loss of data
  (compiling source file 'Health_Clinic_Management.cpp')
  E:\LU_Leipzig\ProgramClinic\Health_Clinic_Management\Health_Clinic_Management\Health_Clinic_Management\vcpkg_installed\x64-windows\x64-windows\include\crow\http_connection.h(473,63):
  the template instantiation context (the oldest one first) is
  	E:\LU_Leipzig\ProgramClinic\Health_Clinic_Management\Health_Clinic_Management\Health_Clinic_Management\Health_Clinic_Management.cpp(208,15):
  	see reference to class template instantiation 'crow::Crow<>' being compiled
  	E:\LU_Leipzig\ProgramClinic\Health_Clinic_Management\Health_Clinic_Management\Health_Clinic_Management\vcpkg_installed\x64-windows\x64-windows\include\crow\app.h(279,14):
  	while compiling class template member function 'void crow::Crow<>::run(void)'
  		E:\LU_Leipzig\ProgramClinic\Health_Clinic_Management\Health_Clinic_Management\Health_Clinic_Management\Health_Clinic_Management.cpp(291,46):
  		see the first reference to 'crow::Crow<>::run' in 'main'
  	E:\LU_Leipzig\ProgramClinic\Health_Clinic_Management\Health_Clinic_Management\Health_Clinic_Management\vcpkg_installed\x64-windows\x64-windows\include\crow\app.h(301,1):
  	see reference to class template instantiation 'crow::Server<crow::Crow<>,crow::SocketAdaptor>' being compiled
  	E:\LU_Leipzig\ProgramClinic\Health_Clinic_Management\Health_Clinic_Management\Health_Clinic_Management\vcpkg_installed\x64-windows\x64-windows\include\crow\http_server.h(194,14):
  	while compiling class template member function 'void crow::Server<crow::Crow<>,crow::SocketAdaptor>::do_accept(void)'
  		E:\LU_Leipzig\ProgramClinic\Health_Clinic_Management\Health_Clinic_Management\Health_Clinic_Management\vcpkg_installed\x64-windows\x64-windows\include\crow\http_server.h(152,22):
  		see the first reference to 'crow::Server<crow::Crow<>,crow::SocketAdaptor>::do_accept' in 'crow::Server<crow::Crow<>,crow::SocketAdaptor>::run'
  		E:\LU_Leipzig\ProgramClinic\Health_Clinic_Management\Health_Clinic_Management\Health_Clinic_Management\vcpkg_installed\x64-windows\x64-windows\include\crow\app.h(308,29):
  		see the first reference to 'crow::Server<crow::Crow<>,crow::SocketAdaptor>::run' in 'crow::Crow<>::run'
  		E:\LU_Leipzig\ProgramClinic\Health_Clinic_Management\Health_Clinic_Management\Health_Clinic_Management\Health_Clinic_Management.cpp(291,46):
  		see the first reference to 'crow::Crow<>::run' in 'main'
  	E:\LU_Leipzig\ProgramClinic\Health_Clinic_Management\Health_Clinic_Management\Health_Clinic_Management\vcpkg_installed\x64-windows\x64-windows\include\crow\http_server.h(201,26):
  	see reference to class template instantiation 'crow::Connection<Adaptor,Handler>' being compiled
          with
          [
              Adaptor=crow::SocketAdaptor,
              Handler=crow::Crow<>
          ]
  	E:\LU_Leipzig\ProgramClinic\Health_Clinic_Management\Health_Clinic_Management\Health_Clinic_Management\vcpkg_installed\x64-windows\x64-windows\include\crow\http_connection.h(463,14):
  	while compiling class template member function 'void crow::Connection<Adaptor,Handler>::do_read(void)'
          with
          [
              Adaptor=crow::SocketAdaptor,
              Handler=crow::Crow<>
          ]
  		E:\LU_Leipzig\ProgramClinic\Health_Clinic_Management\Health_Clinic_Management\Health_Clinic_Management\vcpkg_installed\x64-windows\x64-windows\include\crow\http_connection.h(88,28):
  		see the first reference to 'crow::Connection<Adaptor,Handler>::do_read' in 'crow::Connection<Adaptor,Handler>::start::<lambda_1>::operator ()'
          with
          [
              Adaptor=crow::SocketAdaptor,
              Handler=crow::Crow<>
          ]
  
E:\LU_Leipzig\ProgramClinic\Health_Clinic_Management\Health_Clinic_Management\Health_Clinic_Management\vcpkg_installed\x64-windows\x64-windows\include\crow\parser.h(118,25): warning C4267: 'initializing': conversion from 'size_t' to 'int', possible loss of data
  (compiling source file 'Health_Clinic_Management.cpp')
  E:\LU_Leipzig\ProgramClinic\Health_Clinic_Management\Health_Clinic_Management\Health_Clinic_Management\vcpkg_installed\x64-windows\x64-windows\include\crow\parser.h(118,25):
  the template instantiation context (the oldest one first) is
  	E:\LU_Leipzig\ProgramClinic\Health_Clinic_Management\Health_Clinic_Management\Health_Clinic_Management\vcpkg_installed\x64-windows\x64-windows\include\crow\http_connection.h(596,32):
  	see reference to class template instantiation 'crow::HTTPParser<crow::Connection<Adaptor,Handler>>' being compiled
          with
          [
              Adaptor=crow::SocketAdaptor,
              Handler=crow::Crow<>
          ]
  	E:\LU_Leipzig\ProgramClinic\Health_Clinic_Management\Health_Clinic_Management\Health_Clinic_Management\vcpkg_installed\x64-windows\x64-windows\include\crow\parser.h(103,14):
  	while compiling class template member function 'bool crow::HTTPParser<crow::Connection<Adaptor,Handler>>::feed(const char *,int)'
          with
          [
              Adaptor=crow::SocketAdaptor,
              Handler=crow::Crow<>
          ]
  		E:\LU_Leipzig\ProgramClinic\Health_Clinic_Management\Health_Clinic_Management\Health_Clinic_Management\vcpkg_installed\x64-windows\x64-windows\include\crow\http_connection.h(473,32):
  		see the first reference to 'crow::HTTPParser<crow::Connection<Adaptor,Handler>>::feed' in 'crow::Connection<Adaptor,Handler>::do_read::<lambda_1>::operator ()'
          with
          [
              Adaptor=crow::SocketAdaptor,
              Handler=crow::Crow<>
          ]
  
  LINK : E:\LU_Leipzig\ProgramClinic\Health_Clinic_Management\Health_Clinic_Management\Health_Clinic_Management\x64\Debug\Health_Clinic_Management.exe not found or not built by the last incremental link; performing full link
  Health_Clinic_Management.vcxproj -> E:\LU_Leipzig\ProgramClinic\Health_Clinic_Management\Health_Clinic_Management\Health_Clinic_Management\x64\Debug\Health_Clinic_Management.exe
  'pwsh.exe' is not recognized as an internal or external command,
  operable program or batch file.
